Using pre-set license
Built from '2021.3/staging' branch; Version is '2021.3.8f1 (b30333d56e81) revision 11731763'; Using compiler version '192829333'; Build Type 'Release'
OS: 'Windows 10  (10.0.19044) 64bit Core' Language: 'en' Physical Memory: 32621 MB
BatchMode: 1, IsHumanControllingUs: 0, StartBugReporterOnCrash: 0, Is64bit: 1, IsPro: 1

COMMAND LINE ARGUMENTS:
D:\2021.3.8f1\Editor\Unity.exe
-adb2
-batchMode
-noUpm
-name
AssetImportWorker0
-projectPath
D:/Repositories/Battle_Royale/Battle_Royale
-logFile
Logs/AssetImportWorker0.log
-srvPort
49167
Successfully changed project path to: D:/Repositories/Battle_Royale/Battle_Royale
D:/Repositories/Battle_Royale/Battle_Royale
[UnityMemory] Configuration Parameters - Can be set up in boot.config
    "memorysetup-bucket-allocator-granularity=16"
    "memorysetup-bucket-allocator-bucket-count=8"
    "memorysetup-bucket-allocator-block-size=33554432"
    "memorysetup-bucket-allocator-block-count=8"
    "memorysetup-main-allocator-block-size=16777216"
    "memorysetup-thread-allocator-block-size=16777216"
    "memorysetup-gfx-main-allocator-block-size=16777216"
    "memorysetup-gfx-thread-allocator-block-size=16777216"
    "memorysetup-cache-allocator-block-size=4194304"
    "memorysetup-typetree-allocator-block-size=2097152"
    "memorysetup-profiler-bucket-allocator-granularity=16"
    "memorysetup-profiler-bucket-allocator-bucket-count=8"
    "memorysetup-profiler-bucket-allocator-block-size=33554432"
    "memorysetup-profiler-bucket-allocator-block-count=8"
    "memorysetup-profiler-allocator-block-size=16777216"
    "memorysetup-profiler-editor-allocator-block-size=1048576"
    "memorysetup-temp-allocator-size-main=16777216"
    "memorysetup-job-temp-allocator-block-size=2097152"
    "memorysetup-job-temp-allocator-block-size-background=1048576"
    "memorysetup-job-temp-allocator-reduction-small-platforms=262144"
    "memorysetup-temp-allocator-size-background-worker=32768"
    "memorysetup-temp-allocator-size-job-worker=262144"
    "memorysetup-temp-allocator-size-preload-manager=33554432"
    "memorysetup-temp-allocator-size-nav-mesh-worker=65536"
    "memorysetup-temp-allocator-size-audio-worker=65536"
    "memorysetup-temp-allocator-size-cloud-worker=32768"
    "memorysetup-temp-allocator-size-gi-baking-worker=262144"
    "memorysetup-temp-allocator-size-gfx=262144"
Refreshing native plugins compatible for Editor in 94.03 ms, found 3 plugins.
Preloading 0 native plugins for Editor in 0.00 ms.
Initialize engine version: 2021.3.8f1 (b30333d56e81)
[Subsystems] Discovering subsystems at path D:/2021.3.8f1/Editor/Data/Resources/UnitySubsystems
[Subsystems] Discovering subsystems at path D:/Repositories/Battle_Royale/Battle_Royale/Assets
GfxDevice: creating device client; threaded=0; jobified=0
Direct3D:
    Version:  Direct3D 11.0 [level 11.1]
    Renderer: NVIDIA GeForce GTX 1060 6GB (ID=0x1c03)
    Vendor:   NVIDIA
    VRAM:     6052 MB
    Driver:   31.0.15.1694
Initialize mono
Mono path[0] = 'D:/2021.3.8f1/Editor/Data/Managed'
Mono path[1] = 'D:/2021.3.8f1/Editor/Data/MonoBleedingEdge/lib/mono/unityjit-win32'
Mono config path = 'D:/2021.3.8f1/Editor/Data/MonoBleedingEdge/etc'
Using monoOptions --debugger-agent=transport=dt_socket,embedding=1,server=y,suspend=n,address=127.0.0.1:56652
Begin MonoManager ReloadAssembly
Registering precompiled unity dll's ...
Register platform support module: D:/2021.3.8f1/Editor/Data/PlaybackEngines/WebGLSupport/UnityEditor.WebGL.Extensions.dll
Register platform support module: D:/2021.3.8f1/Editor/Data/PlaybackEngines/WindowsStandaloneSupport/UnityEditor.WindowsStandalone.Extensions.dll
Registered in 0.002053 seconds.
Native extension for WindowsStandalone target not found
Native extension for WebGL target not found
Refreshing native plugins compatible for Editor in 88.22 ms, found 3 plugins.
Preloading 0 native plugins for Editor in 0.00 ms.
Mono: successfully reloaded assembly
- Completed reload, in  0.610 seconds
Domain Reload Profiling:
	ReloadAssembly (610ms)
		BeginReloadAssembly (67ms)
			ExecutionOrderSort (0ms)
			DisableScriptedObjects (0ms)
			BackupInstance (0ms)
			ReleaseScriptingObjects (0ms)
			CreateAndSetChildDomain (1ms)
		EndReloadAssembly (445ms)
			LoadAssemblies (67ms)
			RebuildTransferFunctionScriptingTraits (0ms)
			SetupTypeCache (102ms)
			ReleaseScriptCaches (0ms)
			RebuildScriptCaches (28ms)
			SetupLoadedEditorAssemblies (266ms)
				LogAssemblyErrors (0ms)
				InitializePlatformSupportModulesInManaged (7ms)
				SetLoadedEditorAssemblies (0ms)
				RefreshPlugins (88ms)
				BeforeProcessingInitializeOnLoad (1ms)
				ProcessInitializeOnLoadAttributes (126ms)
				ProcessInitializeOnLoadMethodAttributes (44ms)
				AfterProcessingInitializeOnLoad (0ms)
				EditorAssembliesLoaded (0ms)
			ExecutionOrderSort2 (0ms)
			AwakeInstancesAfterBackupRestoration (0ms)
Platform modules already initialized, skipping
Registering precompiled user dll's ...
Registered in 0.004825 seconds.
Begin MonoManager ReloadAssembly
Symbol file LoadedFromMemory doesn't match image D:\Repositories\Battle_Royale\Battle_Royale\Library\PackageCache\com.unity.visualscripting@1.7.8\Editor\VisualScripting.Core\Dependencies\YamlDotNet\Unity.VisualScripting.YamlDotNet.dll
Symbol file LoadedFromMemory doesn't match image D:\Repositories\Battle_Royale\Battle_Royale\Library\PackageCache\com.unity.visualscripting@1.7.8\Editor\VisualScripting.Core\Dependencies\DotNetZip\Unity.VisualScripting.IonicZip.dll
Native extension for WindowsStandalone target not found
Native extension for WebGL target not found
Refreshing native plugins compatible for Editor in 0.59 ms, found 3 plugins.
Preloading 0 native plugins for Editor in 0.00 ms.
Mono: successfully reloaded assembly
- Completed reload, in  0.992 seconds
Domain Reload Profiling:
	ReloadAssembly (993ms)
		BeginReloadAssembly (99ms)
			ExecutionOrderSort (0ms)
			DisableScriptedObjects (6ms)
			BackupInstance (0ms)
			ReleaseScriptingObjects (0ms)
			CreateAndSetChildDomain (18ms)
		EndReloadAssembly (784ms)
			LoadAssemblies (72ms)
			RebuildTransferFunctionScriptingTraits (0ms)
			SetupTypeCache (274ms)
			ReleaseScriptCaches (1ms)
			RebuildScriptCaches (58ms)
			SetupLoadedEditorAssemblies (342ms)
				LogAssemblyErrors (0ms)
				InitializePlatformSupportModulesInManaged (5ms)
				SetLoadedEditorAssemblies (0ms)
				RefreshPlugins (1ms)
				BeforeProcessingInitializeOnLoad (80ms)
				ProcessInitializeOnLoadAttributes (224ms)
				ProcessInitializeOnLoadMethodAttributes (29ms)
				AfterProcessingInitializeOnLoad (2ms)
				EditorAssembliesLoaded (0ms)
			ExecutionOrderSort2 (0ms)
			AwakeInstancesAfterBackupRestoration (5ms)
Platform modules already initialized, skipping
========================================================================
Worker process is ready to serve import requests
Launched and connected shader compiler UnityShaderCompiler.exe after 0.03 seconds
Refreshing native plugins compatible for Editor in 1.03 ms, found 3 plugins.
Preloading 0 native plugins for Editor in 0.00 ms.
Unloading 3484 Unused Serialized files (Serialized files now loaded: 0)
Unloading 33 unused Assets / (111.8 KB). Loaded Objects now: 3937.
Memory consumption went from 122.3 MB to 122.1 MB.
Total: 3.155600 ms (FindLiveObjects: 0.287200 ms CreateObjectMapping: 0.233300 ms MarkObjects: 2.516400 ms  DeleteObjects: 0.117600 ms)

AssetImportParameters requested are different than current active one (requested -> active):
  custom:video-decoder-ogg-theora: a1e56fd34408186e4bbccfd4996cb3dc -> 
  custom:container-muxer-webm: aa71ff27fc2769a1b78a27578f13a17b -> 
  custom:container-demuxer-webm: 4f35f7cbe854078d1ac9338744f61a02 -> 
  custom:video-encoder-webm-vp8: eb34c28f22e8b96e1ab97ce403110664 -> 
  custom:audio-encoder-webm-vorbis: bf7c407c2cedff20999df2af8eb42d56 -> 
  custom:framework-win-MediaFoundation: 216162199b28c13a410421893ffa2e32 -> 
  custom:container-demuxer-ogg: 62fdf1f143b41e24485cea50d1cbac27 -> 
  custom:video-decoder-webm-vp8: 9c59270c3fd7afecdb556c50c9e8de78 -> 
  custom:audio-decoder-ogg-vorbis: bf7c407c2cedff20999df2af8eb42d56 -> 
========================================================================
Received Import Request.
  Time since last request: 1210804.643163 seconds.
  path: Assets/Resources/Player.prefab
  artifactKey: Guid(8794955c8f0d891448427cbc4fa77708) Importer(815301076,1909f56bfc062723c751e8b465ee728b)
Start importing Assets/Resources/Player.prefab using Guid(8794955c8f0d891448427cbc4fa77708) Importer(815301076,1909f56bfc062723c751e8b465ee728b)  -> (artifact id: 'e516797cc187c523ba06758154e49148') in 0.160393 seconds 
========================================================================
Received Import Request.
  Time since last request: 190.207198 seconds.
  path: Assets/Materials/Gun.mat
  artifactKey: Guid(be500f8d360d94a4caed4aee6c4fae4d) Importer(815301076,1909f56bfc062723c751e8b465ee728b)
Start importing Assets/Materials/Gun.mat using Guid(be500f8d360d94a4caed4aee6c4fae4d) Importer(815301076,1909f56bfc062723c751e8b465ee728b)  -> (artifact id: '86280dc6a4f63e05ee60f90d5b12f039') in 0.031526 seconds 
========================================================================
Received Import Request.
  Time since last request: 28.627513 seconds.
  path: Assets/Scripts/PlayerController.cs
  artifactKey: Guid(573ed802993f81a41b75f476646531c2) Importer(815301076,1909f56bfc062723c751e8b465ee728b)
Start importing Assets/Scripts/PlayerController.cs using Guid(573ed802993f81a41b75f476646531c2) Importer(815301076,1909f56bfc062723c751e8b465ee728b)  -> (artifact id: 'd21cee657d335c1e38916851de7954f8') in 0.007667 seconds 
========================================================================
Received Prepare
Registering precompiled user dll's ...
Registered in 0.005093 seconds.
Begin MonoManager ReloadAssembly
Symbol file LoadedFromMemory doesn't match image D:\Repositories\Battle_Royale\Battle_Royale\Library\PackageCache\com.unity.visualscripting@1.7.8\Editor\VisualScripting.Core\Dependencies\YamlDotNet\Unity.VisualScripting.YamlDotNet.dll
Symbol file LoadedFromMemory doesn't match image D:\Repositories\Battle_Royale\Battle_Royale\Library\PackageCache\com.unity.visualscripting@1.7.8\Editor\VisualScripting.Core\Dependencies\DotNetZip\Unity.VisualScripting.IonicZip.dll
Native extension for WindowsStandalone target not found
Native extension for WebGL target not found
Refreshing native plugins compatible for Editor in 0.65 ms, found 3 plugins.
Preloading 0 native plugins for Editor in 0.00 ms.
Mono: successfully reloaded assembly
- Completed reload, in  0.945 seconds
Domain Reload Profiling:
	ReloadAssembly (946ms)
		BeginReloadAssembly (124ms)
			ExecutionOrderSort (0ms)
			DisableScriptedObjects (4ms)
			BackupInstance (0ms)
			ReleaseScriptingObjects (0ms)
			CreateAndSetChildDomain (38ms)
		EndReloadAssembly (734ms)
			LoadAssemblies (71ms)
			RebuildTransferFunctionScriptingTraits (0ms)
			SetupTypeCache (274ms)
			ReleaseScriptCaches (1ms)
			RebuildScriptCaches (44ms)
			SetupLoadedEditorAssemblies (303ms)
				LogAssemblyErrors (0ms)
				InitializePlatformSupportModulesInManaged (13ms)
				SetLoadedEditorAssemblies (1ms)
				RefreshPlugins (1ms)
				BeforeProcessingInitializeOnLoad (65ms)
				ProcessInitializeOnLoadAttributes (193ms)
				ProcessInitializeOnLoadMethodAttributes (28ms)
				AfterProcessingInitializeOnLoad (2ms)
				EditorAssembliesLoaded (0ms)
			ExecutionOrderSort2 (0ms)
			AwakeInstancesAfterBackupRestoration (6ms)
Platform modules already initialized, skipping
Refreshing native plugins compatible for Editor in 1.61 ms, found 3 plugins.
Preloading 0 native plugins for Editor in 0.00 ms.
Unloading 3466 Unused Serialized files (Serialized files now loaded: 0)
Unloading 25 unused Assets / (79.1 KB). Loaded Objects now: 3982.
Memory consumption went from 125.5 MB to 125.4 MB.
Total: 2.620200 ms (FindLiveObjects: 0.284400 ms CreateObjectMapping: 0.180400 ms MarkObjects: 2.070800 ms  DeleteObjects: 0.083900 ms)

AssetImportParameters requested are different than current active one (requested -> active):
  custom:video-decoder-ogg-theora: a1e56fd34408186e4bbccfd4996cb3dc -> 
  custom:container-muxer-webm: aa71ff27fc2769a1b78a27578f13a17b -> 
  custom:container-demuxer-webm: 4f35f7cbe854078d1ac9338744f61a02 -> 
  custom:video-encoder-webm-vp8: eb34c28f22e8b96e1ab97ce403110664 -> 
  custom:audio-encoder-webm-vorbis: bf7c407c2cedff20999df2af8eb42d56 -> 
  custom:framework-win-MediaFoundation: 216162199b28c13a410421893ffa2e32 -> 
  custom:container-demuxer-ogg: 62fdf1f143b41e24485cea50d1cbac27 -> 
  custom:video-decoder-webm-vp8: 9c59270c3fd7afecdb556c50c9e8de78 -> 
  custom:audio-decoder-ogg-vorbis: bf7c407c2cedff20999df2af8eb42d56 -> 
========================================================================
Received Import Request.
  Time since last request: 534.621459 seconds.
  path: Assets/Scripts/PlayerWeapon.cs
  artifactKey: Guid(3925d5748e15a0540b5d28050e63ac04) Importer(815301076,1909f56bfc062723c751e8b465ee728b)
Start importing Assets/Scripts/PlayerWeapon.cs using Guid(3925d5748e15a0540b5d28050e63ac04) Importer(815301076,1909f56bfc062723c751e8b465ee728b)  -> (artifact id: '430c4b9e8e4a024947dfa926e5e73d05') in 0.009076 seconds 
========================================================================
Received Prepare
Registering precompiled user dll's ...
Registered in 0.005916 seconds.
Begin MonoManager ReloadAssembly
Symbol file LoadedFromMemory doesn't match image D:\Repositories\Battle_Royale\Battle_Royale\Library\PackageCache\com.unity.visualscripting@1.7.8\Editor\VisualScripting.Core\Dependencies\YamlDotNet\Unity.VisualScripting.YamlDotNet.dll
Symbol file LoadedFromMemory doesn't match image D:\Repositories\Battle_Royale\Battle_Royale\Library\PackageCache\com.unity.visualscripting@1.7.8\Editor\VisualScripting.Core\Dependencies\DotNetZip\Unity.VisualScripting.IonicZip.dll
Native extension for WindowsStandalone target not found
Native extension for WebGL target not found
Refreshing native plugins compatible for Editor in 0.68 ms, found 3 plugins.
Preloading 0 native plugins for Editor in 0.00 ms.
Mono: successfully reloaded assembly
- Completed reload, in  0.956 seconds
Domain Reload Profiling:
	ReloadAssembly (957ms)
		BeginReloadAssembly (124ms)
			ExecutionOrderSort (0ms)
			DisableScriptedObjects (5ms)
			BackupInstance (0ms)
			ReleaseScriptingObjects (0ms)
			CreateAndSetChildDomain (34ms)
		EndReloadAssembly (737ms)
			LoadAssemblies (78ms)
			RebuildTransferFunctionScriptingTraits (0ms)
			SetupTypeCache (302ms)
			ReleaseScriptCaches (1ms)
			RebuildScriptCaches (39ms)
			SetupLoadedEditorAssemblies (282ms)
				LogAssemblyErrors (0ms)
				InitializePlatformSupportModulesInManaged (12ms)
				SetLoadedEditorAssemblies (0ms)
				RefreshPlugins (1ms)
				BeforeProcessingInitializeOnLoad (58ms)
				ProcessInitializeOnLoadAttributes (181ms)
				ProcessInitializeOnLoadMethodAttributes (27ms)
				AfterProcessingInitializeOnLoad (2ms)
				EditorAssembliesLoaded (0ms)
			ExecutionOrderSort2 (0ms)
			AwakeInstancesAfterBackupRestoration (5ms)
Platform modules already initialized, skipping
Refreshing native plugins compatible for Editor in 1.62 ms, found 3 plugins.
Preloading 0 native plugins for Editor in 0.00 ms.
Unloading 3467 Unused Serialized files (Serialized files now loaded: 0)
Unloading 25 unused Assets / (78.9 KB). Loaded Objects now: 3987.
Memory consumption went from 125.5 MB to 125.5 MB.
Total: 2.863700 ms (FindLiveObjects: 0.288800 ms CreateObjectMapping: 0.205000 ms MarkObjects: 2.275000 ms  DeleteObjects: 0.094000 ms)

AssetImportParameters requested are different than current active one (requested -> active):
  custom:video-decoder-ogg-theora: a1e56fd34408186e4bbccfd4996cb3dc -> 
  custom:container-muxer-webm: aa71ff27fc2769a1b78a27578f13a17b -> 
  custom:container-demuxer-webm: 4f35f7cbe854078d1ac9338744f61a02 -> 
  custom:video-encoder-webm-vp8: eb34c28f22e8b96e1ab97ce403110664 -> 
  custom:audio-encoder-webm-vorbis: bf7c407c2cedff20999df2af8eb42d56 -> 
  custom:framework-win-MediaFoundation: 216162199b28c13a410421893ffa2e32 -> 
  custom:container-demuxer-ogg: 62fdf1f143b41e24485cea50d1cbac27 -> 
  custom:video-decoder-webm-vp8: 9c59270c3fd7afecdb556c50c9e8de78 -> 
  custom:audio-decoder-ogg-vorbis: bf7c407c2cedff20999df2af8eb42d56 -> 
========================================================================
Received Import Request.
  Time since last request: 19.771152 seconds.
  path: Assets/Resources/Player.prefab
  artifactKey: Guid(8794955c8f0d891448427cbc4fa77708) Importer(815301076,1909f56bfc062723c751e8b465ee728b)
Start importing Assets/Resources/Player.prefab using Guid(8794955c8f0d891448427cbc4fa77708) Importer(815301076,1909f56bfc062723c751e8b465ee728b)  -> (artifact id: '8ebb78884643ca8aeed14477e60b1352') in 0.068542 seconds 
========================================================================
Received Import Request.
  Time since last request: 8.541392 seconds.
  path: Assets/Resources/Player.prefab
  artifactKey: Guid(8794955c8f0d891448427cbc4fa77708) Importer(815301076,1909f56bfc062723c751e8b465ee728b)
Start importing Assets/Resources/Player.prefab using Guid(8794955c8f0d891448427cbc4fa77708) Importer(815301076,1909f56bfc062723c751e8b465ee728b)  -> (artifact id: '952cb9b445bcd72d9441a947bdcd611d') in 0.011551 seconds 
========================================================================
Received Import Request.
  Time since last request: 0.296507 seconds.
  path: Assets/Resources/Player.prefab
  artifactKey: Guid(8794955c8f0d891448427cbc4fa77708) Importer(815301076,1909f56bfc062723c751e8b465ee728b)
Start importing Assets/Resources/Player.prefab using Guid(8794955c8f0d891448427cbc4fa77708) Importer(815301076,1909f56bfc062723c751e8b465ee728b)  -> (artifact id: 'c5b6b64f75ef6d128b9f94b42ba3a9a5') in 0.007689 seconds 
========================================================================
Received Prepare
Registering precompiled user dll's ...
Registered in 0.004388 seconds.
Begin MonoManager ReloadAssembly
Symbol file LoadedFromMemory doesn't match image D:\Repositories\Battle_Royale\Battle_Royale\Library\PackageCache\com.unity.visualscripting@1.7.8\Editor\VisualScripting.Core\Dependencies\YamlDotNet\Unity.VisualScripting.YamlDotNet.dll
Symbol file LoadedFromMemory doesn't match image D:\Repositories\Battle_Royale\Battle_Royale\Library\PackageCache\com.unity.visualscripting@1.7.8\Editor\VisualScripting.Core\Dependencies\DotNetZip\Unity.VisualScripting.IonicZip.dll
Native extension for WindowsStandalone target not found
Native extension for WebGL target not found
Refreshing native plugins compatible for Editor in 0.63 ms, found 3 plugins.
Preloading 0 native plugins for Editor in 0.00 ms.
Mono: successfully reloaded assembly
- Completed reload, in  0.998 seconds
Domain Reload Profiling:
	ReloadAssembly (999ms)
		BeginReloadAssembly (125ms)
			ExecutionOrderSort (0ms)
			DisableScriptedObjects (5ms)
			BackupInstance (0ms)
			ReleaseScriptingObjects (0ms)
			CreateAndSetChildDomain (40ms)
		EndReloadAssembly (766ms)
			LoadAssemblies (74ms)
			RebuildTransferFunctionScriptingTraits (0ms)
			SetupTypeCache (293ms)
			ReleaseScriptCaches (1ms)
			RebuildScriptCaches (42ms)
			SetupLoadedEditorAssemblies (313ms)
				LogAssemblyErrors (0ms)
				InitializePlatformSupportModulesInManaged (13ms)
				SetLoadedEditorAssemblies (1ms)
				RefreshPlugins (1ms)
				BeforeProcessingInitializeOnLoad (71ms)
				ProcessInitializeOnLoadAttributes (197ms)
				ProcessInitializeOnLoadMethodAttributes (28ms)
				AfterProcessingInitializeOnLoad (2ms)
				EditorAssembliesLoaded (0ms)
			ExecutionOrderSort2 (0ms)
			AwakeInstancesAfterBackupRestoration (5ms)
Platform modules already initialized, skipping
Refreshing native plugins compatible for Editor in 2.34 ms, found 3 plugins.
Preloading 0 native plugins for Editor in 0.00 ms.
Unloading 3467 Unused Serialized files (Serialized files now loaded: 0)
Unloading 25 unused Assets / (78.9 KB). Loaded Objects now: 3992.
Memory consumption went from 125.6 MB to 125.5 MB.
Total: 3.124100 ms (FindLiveObjects: 0.448600 ms CreateObjectMapping: 0.297000 ms MarkObjects: 2.277400 ms  DeleteObjects: 0.099900 ms)

AssetImportParameters requested are different than current active one (requested -> active):
  custom:video-decoder-ogg-theora: a1e56fd34408186e4bbccfd4996cb3dc -> 
  custom:container-muxer-webm: aa71ff27fc2769a1b78a27578f13a17b -> 
  custom:container-demuxer-webm: 4f35f7cbe854078d1ac9338744f61a02 -> 
  custom:video-encoder-webm-vp8: eb34c28f22e8b96e1ab97ce403110664 -> 
  custom:audio-encoder-webm-vorbis: bf7c407c2cedff20999df2af8eb42d56 -> 
  custom:framework-win-MediaFoundation: 216162199b28c13a410421893ffa2e32 -> 
  custom:container-demuxer-ogg: 62fdf1f143b41e24485cea50d1cbac27 -> 
  custom:video-decoder-webm-vp8: 9c59270c3fd7afecdb556c50c9e8de78 -> 
  custom:audio-decoder-ogg-vorbis: bf7c407c2cedff20999df2af8eb42d56 -> 
========================================================================
Received Import Request.
  Time since last request: 575.243647 seconds.
  path: Assets/Resources/Player.prefab
  artifactKey: Guid(8794955c8f0d891448427cbc4fa77708) Importer(815301076,1909f56bfc062723c751e8b465ee728b)
Start importing Assets/Resources/Player.prefab using Guid(8794955c8f0d891448427cbc4fa77708) Importer(815301076,1909f56bfc062723c751e8b465ee728b)  -> (artifact id: '7fbf8534f6929b45ac1162edb5c0e0f7') in 0.075325 seconds 
========================================================================
Received Import Request.
  Time since last request: 7.439195 seconds.
  path: Assets/Resources/Player.prefab
  artifactKey: Guid(8794955c8f0d891448427cbc4fa77708) Importer(815301076,1909f56bfc062723c751e8b465ee728b)
Start importing Assets/Resources/Player.prefab using Guid(8794955c8f0d891448427cbc4fa77708) Importer(815301076,1909f56bfc062723c751e8b465ee728b)  -> (artifact id: 'e48ac3964d6de4bd4e70a650c4010ef7') in 0.007455 seconds 
========================================================================
Received Import Request.
  Time since last request: 19.593028 seconds.
  path: Assets/Resources/Player.prefab
  artifactKey: Guid(8794955c8f0d891448427cbc4fa77708) Importer(815301076,1909f56bfc062723c751e8b465ee728b)
Start importing Assets/Resources/Player.prefab using Guid(8794955c8f0d891448427cbc4fa77708) Importer(815301076,1909f56bfc062723c751e8b465ee728b)  -> (artifact id: 'e28988ed2da62a1fda48fed1f3dd31b7') in 0.007754 seconds 
========================================================================
Received Import Request.
  Time since last request: 6.208930 seconds.
  path: Assets/Resources/Player.prefab
  artifactKey: Guid(8794955c8f0d891448427cbc4fa77708) Importer(815301076,1909f56bfc062723c751e8b465ee728b)
Start importing Assets/Resources/Player.prefab using Guid(8794955c8f0d891448427cbc4fa77708) Importer(815301076,1909f56bfc062723c751e8b465ee728b)  -> (artifact id: '2078a8841109d0f7747f87508d524465') in 0.007586 seconds 
========================================================================
Received Import Request.
  Time since last request: 12.301254 seconds.
  path: Assets/Resources/Player.prefab
  artifactKey: Guid(8794955c8f0d891448427cbc4fa77708) Importer(815301076,1909f56bfc062723c751e8b465ee728b)
Start importing Assets/Resources/Player.prefab using Guid(8794955c8f0d891448427cbc4fa77708) Importer(815301076,1909f56bfc062723c751e8b465ee728b)  -> (artifact id: '98e87e4477003b225dbf1022880746bf') in 0.008192 seconds 
========================================================================
Received Import Request.
  Time since last request: 4.828582 seconds.
  path: Assets/Resources/Player.prefab
  artifactKey: Guid(8794955c8f0d891448427cbc4fa77708) Importer(815301076,1909f56bfc062723c751e8b465ee728b)
Start importing Assets/Resources/Player.prefab using Guid(8794955c8f0d891448427cbc4fa77708) Importer(815301076,1909f56bfc062723c751e8b465ee728b)  -> (artifact id: 'd812ec101cde392e8512bc77827c067e') in 0.007754 seconds 
========================================================================
Received Import Request.
  Time since last request: 1.407649 seconds.
  path: Assets/Resources/Player.prefab
  artifactKey: Guid(8794955c8f0d891448427cbc4fa77708) Importer(815301076,1909f56bfc062723c751e8b465ee728b)
Start importing Assets/Resources/Player.prefab using Guid(8794955c8f0d891448427cbc4fa77708) Importer(815301076,1909f56bfc062723c751e8b465ee728b)  -> (artifact id: '20fb8a7bfa5173fbf66b2d9bcd13ad7c') in 0.007778 seconds 
========================================================================
Received Import Request.
  Time since last request: 2.120772 seconds.
  path: Assets/Resources/Player.prefab
  artifactKey: Guid(8794955c8f0d891448427cbc4fa77708) Importer(815301076,1909f56bfc062723c751e8b465ee728b)
Start importing Assets/Resources/Player.prefab using Guid(8794955c8f0d891448427cbc4fa77708) Importer(815301076,1909f56bfc062723c751e8b465ee728b)  -> (artifact id: 'cf8579d5b09a33dd0bd9d42395098de3') in 0.008281 seconds 
========================================================================
Received Import Request.
  Time since last request: 1.168512 seconds.
  path: Assets/Resources/Player.prefab
  artifactKey: Guid(8794955c8f0d891448427cbc4fa77708) Importer(815301076,1909f56bfc062723c751e8b465ee728b)
Start importing Assets/Resources/Player.prefab using Guid(8794955c8f0d891448427cbc4fa77708) Importer(815301076,1909f56bfc062723c751e8b465ee728b)  -> (artifact id: 'ce87f94e96d27b2ed4e7565ede8a69df') in 0.007484 seconds 
========================================================================
Received Import Request.
  Time since last request: 6.340181 seconds.
  path: Assets/Resources/Player.prefab
  artifactKey: Guid(8794955c8f0d891448427cbc4fa77708) Importer(815301076,1909f56bfc062723c751e8b465ee728b)
Start importing Assets/Resources/Player.prefab using Guid(8794955c8f0d891448427cbc4fa77708) Importer(815301076,1909f56bfc062723c751e8b465ee728b)  -> (artifact id: '3e92d4d870d43d441f897a5d967ea411') in 0.007638 seconds 
========================================================================
Received Import Request.
  Time since last request: 2.410950 seconds.
  path: Assets/Resources/Player.prefab
  artifactKey: Guid(8794955c8f0d891448427cbc4fa77708) Importer(815301076,1909f56bfc062723c751e8b465ee728b)
Start importing Assets/Resources/Player.prefab using Guid(8794955c8f0d891448427cbc4fa77708) Importer(815301076,1909f56bfc062723c751e8b465ee728b)  -> (artifact id: '54d929f64b397162987c040acd025830') in 0.007994 seconds 
========================================================================
Received Import Request.
  Time since last request: 24.303139 seconds.
  path: Assets/Resources/Player.prefab
  artifactKey: Guid(8794955c8f0d891448427cbc4fa77708) Importer(815301076,1909f56bfc062723c751e8b465ee728b)
Start importing Assets/Resources/Player.prefab using Guid(8794955c8f0d891448427cbc4fa77708) Importer(815301076,1909f56bfc062723c751e8b465ee728b)  -> (artifact id: '8631aa2b28f981791f49414355a5e879') in 0.008880 seconds 
========================================================================
Received Import Request.
  Time since last request: 4.012807 seconds.
  path: Assets/Resources/Player.prefab
  artifactKey: Guid(8794955c8f0d891448427cbc4fa77708) Importer(815301076,1909f56bfc062723c751e8b465ee728b)
Start importing Assets/Resources/Player.prefab using Guid(8794955c8f0d891448427cbc4fa77708) Importer(815301076,1909f56bfc062723c751e8b465ee728b)  -> (artifact id: 'aac452b6ac1841c0be089b4ce912d990') in 0.007833 seconds 
========================================================================
Received Import Request.
  Time since last request: 5.405842 seconds.
  path: Assets/Resources/Player.prefab
  artifactKey: Guid(8794955c8f0d891448427cbc4fa77708) Importer(815301076,1909f56bfc062723c751e8b465ee728b)
Start importing Assets/Resources/Player.prefab using Guid(8794955c8f0d891448427cbc4fa77708) Importer(815301076,1909f56bfc062723c751e8b465ee728b)  -> (artifact id: 'd937ab1e7198cea2cf8f8256b506af26') in 0.008434 seconds 
========================================================================
Received Import Request.
  Time since last request: 3.232978 seconds.
  path: Assets/Resources/Player.prefab
  artifactKey: Guid(8794955c8f0d891448427cbc4fa77708) Importer(815301076,1909f56bfc062723c751e8b465ee728b)
Start importing Assets/Resources/Player.prefab using Guid(8794955c8f0d891448427cbc4fa77708) Importer(815301076,1909f56bfc062723c751e8b465ee728b)  -> (artifact id: 'e29c136bd4e65491453bed7cd380f4ca') in 0.008023 seconds 
========================================================================
Received Import Request.
  Time since last request: 16.017442 seconds.
  path: Assets/Resources/Player.prefab
  artifactKey: Guid(8794955c8f0d891448427cbc4fa77708) Importer(815301076,1909f56bfc062723c751e8b465ee728b)
Start importing Assets/Resources/Player.prefab using Guid(8794955c8f0d891448427cbc4fa77708) Importer(815301076,1909f56bfc062723c751e8b465ee728b)  -> (artifact id: 'b23d4ecb6e1c077c585dd5d10b147fd3') in 0.007482 seconds 
========================================================================
Received Import Request.
  Time since last request: 40.707675 seconds.
  path: Assets/Resources/Player.prefab
  artifactKey: Guid(8794955c8f0d891448427cbc4fa77708) Importer(815301076,1909f56bfc062723c751e8b465ee728b)
Start importing Assets/Resources/Player.prefab using Guid(8794955c8f0d891448427cbc4fa77708) Importer(815301076,1909f56bfc062723c751e8b465ee728b)  -> (artifact id: 'f2282f2e069ef21430ffeeabfe128816') in 0.019424 seconds 
========================================================================
Received Import Request.
  Time since last request: 2.796154 seconds.
  path: Assets/Resources/Player.prefab
  artifactKey: Guid(8794955c8f0d891448427cbc4fa77708) Importer(815301076,1909f56bfc062723c751e8b465ee728b)
Start importing Assets/Resources/Player.prefab using Guid(8794955c8f0d891448427cbc4fa77708) Importer(815301076,1909f56bfc062723c751e8b465ee728b)  -> (artifact id: 'e29c294d93e0f2413457b696f5f70da0') in 0.010445 seconds 
========================================================================
Received Import Request.
  Time since last request: 6.257582 seconds.
  path: Assets/Resources/Player.prefab
  artifactKey: Guid(8794955c8f0d891448427cbc4fa77708) Importer(815301076,1909f56bfc062723c751e8b465ee728b)
Start importing Assets/Resources/Player.prefab using Guid(8794955c8f0d891448427cbc4fa77708) Importer(815301076,1909f56bfc062723c751e8b465ee728b)  -> (artifact id: '6da8a58f3ab3f0e9ccd515fb18512c9d') in 0.021509 seconds 
========================================================================
Received Import Request.
  Time since last request: 4.589007 seconds.
  path: Assets/Resources/Player.prefab
  artifactKey: Guid(8794955c8f0d891448427cbc4fa77708) Importer(815301076,1909f56bfc062723c751e8b465ee728b)
Start importing Assets/Resources/Player.prefab using Guid(8794955c8f0d891448427cbc4fa77708) Importer(815301076,1909f56bfc062723c751e8b465ee728b)  -> (artifact id: '1d269219035894302bfd2f53aa963058') in 0.010200 seconds 
========================================================================
Received Import Request.
  Time since last request: 1.194466 seconds.
  path: Assets/Resources/Player.prefab
  artifactKey: Guid(8794955c8f0d891448427cbc4fa77708) Importer(815301076,1909f56bfc062723c751e8b465ee728b)
Start importing Assets/Resources/Player.prefab using Guid(8794955c8f0d891448427cbc4fa77708) Importer(815301076,1909f56bfc062723c751e8b465ee728b)  -> (artifact id: 'cb332cd4ea2cc4fc8ac6396f22efdf7a') in 0.010598 seconds 
========================================================================
Received Import Request.
  Time since last request: 0.971292 seconds.
  path: Assets/Resources/Player.prefab
  artifactKey: Guid(8794955c8f0d891448427cbc4fa77708) Importer(815301076,1909f56bfc062723c751e8b465ee728b)
Start importing Assets/Resources/Player.prefab using Guid(8794955c8f0d891448427cbc4fa77708) Importer(815301076,1909f56bfc062723c751e8b465ee728b)  -> (artifact id: '835b502493e1316ecca16224ca23c5c7') in 0.009852 seconds 
========================================================================
Received Import Request.
  Time since last request: 1.182884 seconds.
  path: Assets/Resources/Player.prefab
  artifactKey: Guid(8794955c8f0d891448427cbc4fa77708) Importer(815301076,1909f56bfc062723c751e8b465ee728b)
Start importing Assets/Resources/Player.prefab using Guid(8794955c8f0d891448427cbc4fa77708) Importer(815301076,1909f56bfc062723c751e8b465ee728b)  -> (artifact id: '3daf78b677678960bf6e9c03cd60c423') in 0.010637 seconds 
========================================================================
Received Import Request.
  Time since last request: 1.996458 seconds.
  path: Assets/Resources/Player.prefab
  artifactKey: Guid(8794955c8f0d891448427cbc4fa77708) Importer(815301076,1909f56bfc062723c751e8b465ee728b)
Start importing Assets/Resources/Player.prefab using Guid(8794955c8f0d891448427cbc4fa77708) Importer(815301076,1909f56bfc062723c751e8b465ee728b)  -> (artifact id: '62099c72f4a875ca9571e612c216b201') in 0.010413 seconds 
========================================================================
Received Import Request.
  Time since last request: 3.992619 seconds.
  path: Assets/Resources/Player.prefab
  artifactKey: Guid(8794955c8f0d891448427cbc4fa77708) Importer(815301076,1909f56bfc062723c751e8b465ee728b)
Start importing Assets/Resources/Player.prefab using Guid(8794955c8f0d891448427cbc4fa77708) Importer(815301076,1909f56bfc062723c751e8b465ee728b)  -> (artifact id: '4d79d69c59050df65bcba410cde3e76e') in 0.010376 seconds 
========================================================================
Received Import Request.
  Time since last request: 1.800347 seconds.
  path: Assets/Resources/Player.prefab
  artifactKey: Guid(8794955c8f0d891448427cbc4fa77708) Importer(815301076,1909f56bfc062723c751e8b465ee728b)
Start importing Assets/Resources/Player.prefab using Guid(8794955c8f0d891448427cbc4fa77708) Importer(815301076,1909f56bfc062723c751e8b465ee728b)  -> (artifact id: '750d7b7542d18151929abd4f231871b8') in 0.007919 seconds 
========================================================================
Received Import Request.
  Time since last request: 5.105540 seconds.
  path: Assets/Resources/Player.prefab
  artifactKey: Guid(8794955c8f0d891448427cbc4fa77708) Importer(815301076,1909f56bfc062723c751e8b465ee728b)
Start importing Assets/Resources/Player.prefab using Guid(8794955c8f0d891448427cbc4fa77708) Importer(815301076,1909f56bfc062723c751e8b465ee728b)  -> (artifact id: '48f9ad6084f5cf31c8136b5fe99f1b37') in 0.008183 seconds 
========================================================================
Received Import Request.
  Time since last request: 3.100749 seconds.
  path: Assets/Resources/Player.prefab
  artifactKey: Guid(8794955c8f0d891448427cbc4fa77708) Importer(815301076,1909f56bfc062723c751e8b465ee728b)
Start importing Assets/Resources/Player.prefab using Guid(8794955c8f0d891448427cbc4fa77708) Importer(815301076,1909f56bfc062723c751e8b465ee728b)  -> (artifact id: '5cdfa49b6c8f28b6ed0f7c96fd2a4129') in 0.009970 seconds 
========================================================================
Received Import Request.
  Time since last request: 5.188100 seconds.
  path: Assets/Resources/Player.prefab
  artifactKey: Guid(8794955c8f0d891448427cbc4fa77708) Importer(815301076,1909f56bfc062723c751e8b465ee728b)
Start importing Assets/Resources/Player.prefab using Guid(8794955c8f0d891448427cbc4fa77708) Importer(815301076,1909f56bfc062723c751e8b465ee728b)  -> (artifact id: '8203a13d30961ca6505ecbf65c38e76c') in 0.010487 seconds 
========================================================================
Received Import Request.
  Time since last request: 27.684345 seconds.
  path: Assets/Materials/Gun.mat
  artifactKey: Guid(be500f8d360d94a4caed4aee6c4fae4d) Importer(815301076,1909f56bfc062723c751e8b465ee728b)
Start importing Assets/Materials/Gun.mat using Guid(be500f8d360d94a4caed4aee6c4fae4d) Importer(815301076,1909f56bfc062723c751e8b465ee728b)  -> (artifact id: '8984364b05ed00bdedecf2968872d46b') in 0.022226 seconds 
========================================================================
Received Import Request.
  Time since last request: 4.791230 seconds.
  path: Assets/Materials/Bullet.mat
  artifactKey: Guid(e59e56976ab346f4a97d25df8843d7c8) Importer(815301076,1909f56bfc062723c751e8b465ee728b)
Start importing Assets/Materials/Bullet.mat using Guid(e59e56976ab346f4a97d25df8843d7c8) Importer(815301076,1909f56bfc062723c751e8b465ee728b)  -> (artifact id: '8f2f9b3922a9bee9acc3f2dd8dc56f35') in 0.011115 seconds 
========================================================================
Received Import Request.
  Time since last request: 26.284217 seconds.
  path: Assets/Scripts/Bullet.cs
  artifactKey: Guid(2dea51f3603b1a94d82a6634fcb0efbd) Importer(815301076,1909f56bfc062723c751e8b465ee728b)
Start importing Assets/Scripts/Bullet.cs using Guid(2dea51f3603b1a94d82a6634fcb0efbd) Importer(815301076,1909f56bfc062723c751e8b465ee728b)  -> (artifact id: '30f9b98be1d433e6d0d159d061f83ddd') in 0.001644 seconds 
========================================================================
Received Prepare
Registering precompiled user dll's ...
Registered in 0.005107 seconds.
Begin MonoManager ReloadAssembly
Symbol file LoadedFromMemory doesn't match image D:\Repositories\Battle_Royale\Battle_Royale\Library\PackageCache\com.unity.visualscripting@1.7.8\Editor\VisualScripting.Core\Dependencies\YamlDotNet\Unity.VisualScripting.YamlDotNet.dll
Symbol file LoadedFromMemory doesn't match image D:\Repositories\Battle_Royale\Battle_Royale\Library\PackageCache\com.unity.visualscripting@1.7.8\Editor\VisualScripting.Core\Dependencies\DotNetZip\Unity.VisualScripting.IonicZip.dll
Native extension for WindowsStandalone target not found
Native extension for WebGL target not found
Refreshing native plugins compatible for Editor in 0.57 ms, found 3 plugins.
Preloading 0 native plugins for Editor in 0.00 ms.
Mono: successfully reloaded assembly
- Completed reload, in  0.972 seconds
Domain Reload Profiling:
	ReloadAssembly (972ms)
		BeginReloadAssembly (127ms)
			ExecutionOrderSort (0ms)
			DisableScriptedObjects (4ms)
			BackupInstance (0ms)
			ReleaseScriptingObjects (0ms)
			CreateAndSetChildDomain (37ms)
		EndReloadAssembly (756ms)
			LoadAssemblies (78ms)
			RebuildTransferFunctionScriptingTraits (0ms)
			SetupTypeCache (287ms)
			ReleaseScriptCaches (2ms)
			RebuildScriptCaches (50ms)
			SetupLoadedEditorAssemblies (296ms)
				LogAssemblyErrors (0ms)
				InitializePlatformSupportModulesInManaged (12ms)
				SetLoadedEditorAssemblies (0ms)
				RefreshPlugins (1ms)
				BeforeProcessingInitializeOnLoad (58ms)
				ProcessInitializeOnLoadAttributes (194ms)
				ProcessInitializeOnLoadMethodAttributes (28ms)
				AfterProcessingInitializeOnLoad (2ms)
				EditorAssembliesLoaded (0ms)
			ExecutionOrderSort2 (0ms)
			AwakeInstancesAfterBackupRestoration (5ms)
Platform modules already initialized, skipping
Refreshing native plugins compatible for Editor in 1.66 ms, found 3 plugins.
Preloading 0 native plugins for Editor in 0.00 ms.
Unloading 3468 Unused Serialized files (Serialized files now loaded: 0)
Unloading 25 unused Assets / (78.9 KB). Loaded Objects now: 3999.
Memory consumption went from 125.7 MB to 125.6 MB.
Total: 2.833800 ms (FindLiveObjects: 0.275200 ms CreateObjectMapping: 0.184200 ms MarkObjects: 2.287500 ms  DeleteObjects: 0.085900 ms)

AssetImportParameters requested are different than current active one (requested -> active):
  custom:video-decoder-ogg-theora: a1e56fd34408186e4bbccfd4996cb3dc -> 
  custom:container-muxer-webm: aa71ff27fc2769a1b78a27578f13a17b -> 
  custom:container-demuxer-webm: 4f35f7cbe854078d1ac9338744f61a02 -> 
  custom:video-encoder-webm-vp8: eb34c28f22e8b96e1ab97ce403110664 -> 
  custom:audio-encoder-webm-vorbis: bf7c407c2cedff20999df2af8eb42d56 -> 
  custom:framework-win-MediaFoundation: 216162199b28c13a410421893ffa2e32 -> 
  custom:container-demuxer-ogg: 62fdf1f143b41e24485cea50d1cbac27 -> 
  custom:video-decoder-webm-vp8: 9c59270c3fd7afecdb556c50c9e8de78 -> 
  custom:audio-decoder-ogg-vorbis: bf7c407c2cedff20999df2af8eb42d56 -> 
========================================================================
Received Prepare
Registering precompiled user dll's ...
Registered in 0.004259 seconds.
Begin MonoManager ReloadAssembly
Symbol file LoadedFromMemory doesn't match image D:\Repositories\Battle_Royale\Battle_Royale\Library\PackageCache\com.unity.visualscripting@1.7.8\Editor\VisualScripting.Core\Dependencies\YamlDotNet\Unity.VisualScripting.YamlDotNet.dll
Symbol file LoadedFromMemory doesn't match image D:\Repositories\Battle_Royale\Battle_Royale\Library\PackageCache\com.unity.visualscripting@1.7.8\Editor\VisualScripting.Core\Dependencies\DotNetZip\Unity.VisualScripting.IonicZip.dll
Native extension for WindowsStandalone target not found
Native extension for WebGL target not found
Refreshing native plugins compatible for Editor in 0.69 ms, found 3 plugins.
Preloading 0 native plugins for Editor in 0.00 ms.
Mono: successfully reloaded assembly
- Completed reload, in  0.995 seconds
Domain Reload Profiling:
	ReloadAssembly (996ms)
		BeginReloadAssembly (136ms)
			ExecutionOrderSort (0ms)
			DisableScriptedObjects (9ms)
			BackupInstance (0ms)
			ReleaseScriptingObjects (0ms)
			CreateAndSetChildDomain (45ms)
		EndReloadAssembly (769ms)
			LoadAssemblies (74ms)
			RebuildTransferFunctionScriptingTraits (0ms)
			SetupTypeCache (287ms)
			ReleaseScriptCaches (1ms)
			RebuildScriptCaches (47ms)
			SetupLoadedEditorAssemblies (318ms)
				LogAssemblyErrors (0ms)
				InitializePlatformSupportModulesInManaged (14ms)
				SetLoadedEditorAssemblies (0ms)
				RefreshPlugins (1ms)
				BeforeProcessingInitializeOnLoad (65ms)
				ProcessInitializeOnLoadAttributes (207ms)
				ProcessInitializeOnLoadMethodAttributes (28ms)
				AfterProcessingInitializeOnLoad (2ms)
				EditorAssembliesLoaded (0ms)
			ExecutionOrderSort2 (0ms)
			AwakeInstancesAfterBackupRestoration (6ms)
Platform modules already initialized, skipping
Refreshing native plugins compatible for Editor in 1.59 ms, found 3 plugins.
Preloading 0 native plugins for Editor in 0.00 ms.
Unloading 3468 Unused Serialized files (Serialized files now loaded: 0)
Unloading 25 unused Assets / (79.0 KB). Loaded Objects now: 4003.
Memory consumption went from 125.7 MB to 125.6 MB.
Total: 3.112100 ms (FindLiveObjects: 0.263800 ms CreateObjectMapping: 0.301700 ms MarkObjects: 2.453500 ms  DeleteObjects: 0.092300 ms)

AssetImportParameters requested are different than current active one (requested -> active):
  custom:video-decoder-ogg-theora: a1e56fd34408186e4bbccfd4996cb3dc -> 
  custom:container-muxer-webm: aa71ff27fc2769a1b78a27578f13a17b -> 
  custom:container-demuxer-webm: 4f35f7cbe854078d1ac9338744f61a02 -> 
  custom:video-encoder-webm-vp8: eb34c28f22e8b96e1ab97ce403110664 -> 
  custom:audio-encoder-webm-vorbis: bf7c407c2cedff20999df2af8eb42d56 -> 
  custom:framework-win-MediaFoundation: 216162199b28c13a410421893ffa2e32 -> 
  custom:container-demuxer-ogg: 62fdf1f143b41e24485cea50d1cbac27 -> 
  custom:video-decoder-webm-vp8: 9c59270c3fd7afecdb556c50c9e8de78 -> 
  custom:audio-decoder-ogg-vorbis: bf7c407c2cedff20999df2af8eb42d56 -> 
========================================================================
Received Import Request.
  Time since last request: 1018.600603 seconds.
  path: Assets/Scripts/Bullet.cs
  artifactKey: Guid(2dea51f3603b1a94d82a6634fcb0efbd) Importer(815301076,1909f56bfc062723c751e8b465ee728b)
Start importing Assets/Scripts/Bullet.cs using Guid(2dea51f3603b1a94d82a6634fcb0efbd) Importer(815301076,1909f56bfc062723c751e8b465ee728b)  -> (artifact id: '565c59f7a9ff4810e642aa51bb0be05f') in 0.009243 seconds 
========================================================================
Received Import Request.
  Time since last request: 73.767006 seconds.
  path: Assets/Scripts/PlayerController.cs
  artifactKey: Guid(573ed802993f81a41b75f476646531c2) Importer(815301076,1909f56bfc062723c751e8b465ee728b)
Start importing Assets/Scripts/PlayerController.cs using Guid(573ed802993f81a41b75f476646531c2) Importer(815301076,1909f56bfc062723c751e8b465ee728b)  -> (artifact id: '7946875c33826d2cb205a83096cb019c') in 0.001598 seconds 
========================================================================
Received Import Request.
  Time since last request: 34.223978 seconds.
  path: Assets/Prefabs/Bullet.prefab
  artifactKey: Guid(8bb1c211d9554104aab26acba374d323) Importer(815301076,1909f56bfc062723c751e8b465ee728b)
Start importing Assets/Prefabs/Bullet.prefab using Guid(8bb1c211d9554104aab26acba374d323) Importer(815301076,1909f56bfc062723c751e8b465ee728b)  -> (artifact id: 'aef1a68e2cb848a3b9b6dd99c6fa31a9') in 0.070191 seconds 
========================================================================
Received Import Request.
  Time since last request: 14.363110 seconds.
  path: Assets/Prefabs/Bullet.prefab
  artifactKey: Guid(8bb1c211d9554104aab26acba374d323) Importer(815301076,1909f56bfc062723c751e8b465ee728b)
Start importing Assets/Prefabs/Bullet.prefab using Guid(8bb1c211d9554104aab26acba374d323) Importer(815301076,1909f56bfc062723c751e8b465ee728b)  -> (artifact id: '34bf66704ed6b6618174c78e99d45606') in 0.007140 seconds 
========================================================================
Received Prepare
Registering precompiled user dll's ...
Registered in 0.005178 seconds.
Begin MonoManager ReloadAssembly
Symbol file LoadedFromMemory doesn't match image D:\Repositories\Battle_Royale\Battle_Royale\Library\PackageCache\com.unity.visualscripting@1.7.8\Editor\VisualScripting.Core\Dependencies\YamlDotNet\Unity.VisualScripting.YamlDotNet.dll
Symbol file LoadedFromMemory doesn't match image D:\Repositories\Battle_Royale\Battle_Royale\Library\PackageCache\com.unity.visualscripting@1.7.8\Editor\VisualScripting.Core\Dependencies\DotNetZip\Unity.VisualScripting.IonicZip.dll
Native extension for WindowsStandalone target not found
Native extension for WebGL target not found
Refreshing native plugins compatible for Editor in 0.99 ms, found 3 plugins.
Preloading 0 native plugins for Editor in 0.00 ms.
Mono: successfully reloaded assembly
- Completed reload, in  0.984 seconds
Domain Reload Profiling:
	ReloadAssembly (984ms)
		BeginReloadAssembly (122ms)
			ExecutionOrderSort (0ms)
			DisableScriptedObjects (4ms)
			BackupInstance (0ms)
			ReleaseScriptingObjects (0ms)
			CreateAndSetChildDomain (36ms)
		EndReloadAssembly (769ms)
			LoadAssemblies (72ms)
			RebuildTransferFunctionScriptingTraits (0ms)
			SetupTypeCache (270ms)
			ReleaseScriptCaches (1ms)
			RebuildScriptCaches (44ms)
			SetupLoadedEditorAssemblies (335ms)
				LogAssemblyErrors (0ms)
				InitializePlatformSupportModulesInManaged (16ms)
				SetLoadedEditorAssemblies (1ms)
				RefreshPlugins (1ms)
				BeforeProcessingInitializeOnLoad (68ms)
				ProcessInitializeOnLoadAttributes (214ms)
				ProcessInitializeOnLoadMethodAttributes (33ms)
				AfterProcessingInitializeOnLoad (2ms)
				EditorAssembliesLoaded (0ms)
			ExecutionOrderSort2 (0ms)
			AwakeInstancesAfterBackupRestoration (6ms)
Platform modules already initialized, skipping
Refreshing native plugins compatible for Editor in 1.65 ms, found 3 plugins.
Preloading 0 native plugins for Editor in 0.00 ms.
Unloading 3468 Unused Serialized files (Serialized files now loaded: 0)
Unloading 25 unused Assets / (78.9 KB). Loaded Objects now: 4007.
Memory consumption went from 125.7 MB to 125.6 MB.
Total: 2.900700 ms (FindLiveObjects: 0.272500 ms CreateObjectMapping: 0.183200 ms MarkObjects: 2.351500 ms  DeleteObjects: 0.092500 ms)

AssetImportParameters requested are different than current active one (requested -> active):
  custom:video-decoder-ogg-theora: a1e56fd34408186e4bbccfd4996cb3dc -> 
  custom:container-muxer-webm: aa71ff27fc2769a1b78a27578f13a17b -> 
  custom:container-demuxer-webm: 4f35f7cbe854078d1ac9338744f61a02 -> 
  custom:video-encoder-webm-vp8: eb34c28f22e8b96e1ab97ce403110664 -> 
  custom:audio-encoder-webm-vorbis: bf7c407c2cedff20999df2af8eb42d56 -> 
  custom:framework-win-MediaFoundation: 216162199b28c13a410421893ffa2e32 -> 
  custom:container-demuxer-ogg: 62fdf1f143b41e24485cea50d1cbac27 -> 
  custom:video-decoder-webm-vp8: 9c59270c3fd7afecdb556c50c9e8de78 -> 
  custom:audio-decoder-ogg-vorbis: bf7c407c2cedff20999df2af8eb42d56 -> 
========================================================================
Received Import Request.
  Time since last request: 95.121095 seconds.
  path: Assets/Scenes/Game.unity
  artifactKey: Guid(9376bfde35006304eaeb2c70d9c00cad) Importer(815301076,1909f56bfc062723c751e8b465ee728b)
Start importing Assets/Scenes/Game.unity using Guid(9376bfde35006304eaeb2c70d9c00cad) Importer(815301076,1909f56bfc062723c751e8b465ee728b)  -> (artifact id: 'b9f03e7850cdbc7a5d14035f5c3f9f93') in 0.008717 seconds 
========================================================================
Received Prepare
Registering precompiled user dll's ...
Registered in 0.004171 seconds.
Begin MonoManager ReloadAssembly
Symbol file LoadedFromMemory doesn't match image D:\Repositories\Battle_Royale\Battle_Royale\Library\PackageCache\com.unity.visualscripting@1.7.8\Editor\VisualScripting.Core\Dependencies\YamlDotNet\Unity.VisualScripting.YamlDotNet.dll
Symbol file LoadedFromMemory doesn't match image D:\Repositories\Battle_Royale\Battle_Royale\Library\PackageCache\com.unity.visualscripting@1.7.8\Editor\VisualScripting.Core\Dependencies\DotNetZip\Unity.VisualScripting.IonicZip.dll
Native extension for WindowsStandalone target not found
Native extension for WebGL target not found
Refreshing native plugins compatible for Editor in 0.75 ms, found 3 plugins.
Preloading 0 native plugins for Editor in 0.00 ms.
Mono: successfully reloaded assembly
- Completed reload, in  0.942 seconds
Domain Reload Profiling:
	ReloadAssembly (942ms)
		BeginReloadAssembly (119ms)
			ExecutionOrderSort (0ms)
			DisableScriptedObjects (5ms)
			BackupInstance (0ms)
			ReleaseScriptingObjects (0ms)
			CreateAndSetChildDomain (32ms)
		EndReloadAssembly (736ms)
			LoadAssemblies (77ms)
			RebuildTransferFunctionScriptingTraits (0ms)
			SetupTypeCache (253ms)
			ReleaseScriptCaches (2ms)
			RebuildScriptCaches (47ms)
			SetupLoadedEditorAssemblies (315ms)
				LogAssemblyErrors (0ms)
				InitializePlatformSupportModulesInManaged (13ms)
				SetLoadedEditorAssemblies (0ms)
				RefreshPlugins (1ms)
				BeforeProcessingInitializeOnLoad (59ms)
				ProcessInitializeOnLoadAttributes (207ms)
				ProcessInitializeOnLoadMethodAttributes (32ms)
				AfterProcessingInitializeOnLoad (2ms)
				EditorAssembliesLoaded (0ms)
			ExecutionOrderSort2 (0ms)
			AwakeInstancesAfterBackupRestoration (5ms)
Platform modules already initialized, skipping
Refreshing native plugins compatible for Editor in 1.94 ms, found 3 plugins.
Preloading 0 native plugins for Editor in 0.00 ms.
Unloading 3468 Unused Serialized files (Serialized files now loaded: 0)
Unloading 25 unused Assets / (79.0 KB). Loaded Objects now: 4011.
Memory consumption went from 125.7 MB to 125.6 MB.
Total: 3.019400 ms (FindLiveObjects: 0.270700 ms CreateObjectMapping: 0.184800 ms MarkObjects: 2.470500 ms  DeleteObjects: 0.092300 ms)

AssetImportParameters requested are different than current active one (requested -> active):
  custom:video-decoder-ogg-theora: a1e56fd34408186e4bbccfd4996cb3dc -> 
  custom:container-muxer-webm: aa71ff27fc2769a1b78a27578f13a17b -> 
  custom:container-demuxer-webm: 4f35f7cbe854078d1ac9338744f61a02 -> 
  custom:video-encoder-webm-vp8: eb34c28f22e8b96e1ab97ce403110664 -> 
  custom:audio-encoder-webm-vorbis: bf7c407c2cedff20999df2af8eb42d56 -> 
  custom:framework-win-MediaFoundation: 216162199b28c13a410421893ffa2e32 -> 
  custom:container-demuxer-ogg: 62fdf1f143b41e24485cea50d1cbac27 -> 
  custom:video-decoder-webm-vp8: 9c59270c3fd7afecdb556c50c9e8de78 -> 
  custom:audio-decoder-ogg-vorbis: bf7c407c2cedff20999df2af8eb42d56 -> 
